Log file open, 05/28/21 19:07:17
LogInit: Display: Running engine for game: FactoryGame
LogInit: Display: Project file not found: B:/SteamLibrary/steamapps/common/Satisfactory/FactoryGame/FactoryGame.uproject
LogInit: Display: 	Attempting to find via project info helper.
LogUProjectInfo: Found projects:
LogPakFile: Display: Found Pak file ../../../FactoryGame/Content/Paks/FactoryGame-WindowsNoEditor.pak attempting to mount.
LogPakFile: Display: Mounting pak file ../../../FactoryGame/Content/Paks/FactoryGame-WindowsNoEditor.pak.
LogPlatformFile: Not using cached read wrapper
LogTaskGraph: Started task graph with 4 named threads and 34 total threads with 3 sets of task threads.
LogD3D11RHI: Loaded GFSDK_Aftermath_Lib.x64.dll
LogICUInternationalization: ICU TimeZone Detection - Raw Offset: +5:30, Platform Override: ''
LogPluginManager: Mounting plugin ReplicationGraph
LogPluginManager: Mounting plugin Wwise
LogPluginManager: Mounting plugin ApexDestruction
LogPluginManager: Mounting plugin BlueprintStats
LogPluginManager: Mounting plugin OnlineFramework
LogPluginManager: Mounting plugin OnlineSubsystem
LogPluginManager: Mounting plugin OnlineSubsystemUtils
LogPluginManager: Mounting plugin LensDistortion
LogPluginManager: Mounting plugin WindowsDeviceProfileSelector
LogPluginManager: Mounting plugin SteamController
LogPluginManager: Mounting plugin SteamShared
LogPluginManager: Mounting plugin RawInput
LogPluginManager: Mounting plugin MfMedia
LogPluginManager: Mounting plugin OnlineSubsystemSteam
LogPluginManager: Mounting plugin OnlineSubsystemEOS
LogPluginManager: Mounting plugin SignificanceManager
LogPluginManager: Mounting plugin PythonScriptPlugin
LogPluginManager: Mounting plugin EditorScriptingUtilities
LogPluginManager: Mounting plugin EditorTests
LogPluginManager: Mounting plugin FbxAutomationTestBuilder
LogPluginManager: Mounting plugin FunctionalTestingEditor
LogPluginManager: Mounting plugin RuntimeTests
LogPluginManager: Mounting plugin ScreenshotTools
LogPluginManager: Mounting plugin RenderDocPlugin
LogPluginManager: Mounting plugin CSSEditorToolsExtension
LogPluginManager: Mounting plugin Paper2D
LogPluginManager: Mounting plugin AISupport
LogPluginManager: Mounting plugin LightPropagationVolume
LogPluginManager: Mounting plugin AnimationSharing
LogPluginManager: Mounting plugin UObjectPlugin
LogPluginManager: Mounting plugin AssetManagerEditor
LogPluginManager: Mounting plugin FacialAnimation
LogPluginManager: Mounting plugin GeometryMode
LogPluginManager: Mounting plugin DatasmithContent
LogPluginManager: Mounting plugin VariantManagerContent
LogPluginManager: Mounting plugin AlembicImporter
LogPluginManager: Mounting plugin GeometryCache
LogPluginManager: Mounting plugin AutomationUtils
LogPluginManager: Mounting plugin BackChannel
LogPluginManager: Mounting plugin ChaosClothEditor
LogPluginManager: Mounting plugin ChaosCloth
LogPluginManager: Mounting plugin ChaosEditor
LogPluginManager: Mounting plugin PlanarCut
LogPluginManager: Mounting plugin GeometryProcessing
LogPluginManager: Mounting plugin EditableMesh
LogPluginManager: Mounting plugin GeometryCollectionPlugin
LogPluginManager: Mounting plugin ProceduralMeshComponent
LogPluginManager: Mounting plugin ChaosSolverPlugin
LogPluginManager: Mounting plugin ChaosNiagara
LogPluginManager: Mounting plugin Niagara
LogPluginManager: Mounting plugin CharacterAI
LogPluginManager: Mounting plugin PlatformCrypto
LogPluginManager: Mounting plugin MagicLeapPassableWorld
LogPluginManager: Mounting plugin ImgMedia
LogPluginManager: Mounting plugin MediaCompositing
LogPluginManager: Mounting plugin WmfMedia
LogPluginManager: Mounting plugin MeshPainting
LogPluginManager: Mounting plugin TcpMessaging
LogPluginManager: Mounting plugin UdpMessaging
LogPluginManager: Mounting plugin ActorSequence
LogPluginManager: Mounting plugin LevelSequenceEditor
LogPluginManager: Mounting plugin MatineeToLevelSequence
LogPluginManager: Mounting plugin TemplateSequence
LogPluginManager: Mounting plugin MovieRenderPipeline
LogPluginManager: Mounting plugin NetcodeUnitTest
LogPluginManager: Mounting plugin OnlineSubsystemNull
LogPluginManager: Mounting plugin LauncherChunkInstaller
LogPluginManager: Mounting plugin AppleImageUtils
LogPluginManager: Mounting plugin AssetTags
LogPluginManager: Mounting plugin AudioCapture
LogPluginManager: Mounting plugin CableComponent
LogPluginManager: Mounting plugin CustomMeshComponent
LogPluginManager: Mounting plugin ExampleDeviceProfileSelector
LogPluginManager: Mounting plugin GooglePAD
LogPluginManager: Mounting plugin PhysXVehicles
LogPluginManager: Mounting plugin RuntimePhysXCooking
LogPluginManager: Mounting plugin SoundFields
LogPluginManager: Mounting plugin Synthesis
LogPluginManager: Mounting plugin WebMMoviePlayer
LogPluginManager: Mounting plugin WebMMedia
LogPluginManager: Mounting plugin WindowsMoviePlayer
LogInit: Using libcurl 7.55.1-DEV
LogInit:  - built for x86_64-pc-win32
LogInit:  - supports SSL with OpenSSL/1.1.1
LogInit:  - supports HTTP deflate (compression) using libz 1.2.8
LogInit:  - other features:
LogInit:      CURL_VERSION_SSL
LogInit:      CURL_VERSION_LIBZ
LogInit:      CURL_VERSION_IPV6
LogInit:      CURL_VERSION_ASYNCHDNS
LogInit:      CURL_VERSION_LARGEFILE
LogInit:      CURL_VERSION_IDN
LogInit:  CurlRequestOptions (configurable via config and command line):
LogInit:  - bVerifyPeer = true  - Libcurl will verify peer certificate
LogInit:  - bUseHttpProxy = false  - Libcurl will NOT use HTTP proxy
LogInit:  - bDontReuseConnections = false  - Libcurl will reuse connections
LogInit:  - MaxHostConnections = 16  - Libcurl will limit the number of connections to a host
LogInit:  - LocalHostAddr = Default
LogInit:  - BufferSize = 65536
LogInit: WinSock: version 1.1 (2.2), MaxSocks=32767, MaxUdp=65467
LogOnline: OSS: Creating online subsystem instance for: EOS
LogOnline: OSS: FOnlineSubsystemEOS: Init success.
LogSteamShared: Display: Loading Steam SDK 1.47
LogSteamShared: Steam SDK Loaded!
LogOnline: OSS: Creating online subsystem instance for: STEAM
LogOnline: STEAM: Steam User is subscribed 1
LogOnline: STEAM: [AppId: 526870] Client API initialized 1
LogOnline: STEAM: Initializing SteamNetworking Layer
LogOnline: STEAM: Missing P2PCleanupTimeout key in OnlineSubsystemSteam of DefaultEngine.ini, using default
LogOnline: OSS: TryLoadSubsystemAndSetDefault: Loaded subsystem for module [EOS]
LogOnline: Warning: STEAM: Failed to obtain steam user stats, user: (STEAM)Millennial97 [0x28813640400] has no stats entries
LogInit: Build: ++FactoryGame+rel-early-access-CL-155350
LogInit: Engine Version: 4.25.3-155350+++FactoryGame+rel-early-access
LogInit: Compatible Engine Version: 4.25.3-155350+++FactoryGame+rel-early-access
LogInit: Net CL: 155350
LogInit: OS: Windows 10 (Release 2009) (), CPU: AMD Ryzen 5 1600 Six-Core Processor            , GPU: NVIDIA GeForce GTX 1070 Ti
LogInit: Compiled (64-bit): May 27 2021 14:44:22
LogInit: Compiled with Visual C++: 19.16.27038.00
LogInit: Build Configuration: Shipping
LogInit: Branch Name: ++FactoryGame+rel-early-access
LogInit: Command Line:  -NO_EOS_OVERLAY
LogInit: Base Directory: B:/SteamLibrary/steamapps/common/Satisfactory/Engine/Binaries/Win64/
LogInit: Allocator: binned2
LogInit: Installed Engine Build: 1
LogInit: Launcher File: B:/SteamLibrary/steamapps/common/Satisfactory/launcher_id
LogInit: Launcher ID: steam
LogInit: Launcher Artifact: 
LogInit: Presizing for max 2097152 objects, including 1 objects not considered by GC, pre-allocating 0 bytes for permanent pool.
LogStreaming: Display: Async Loading initialized: Event Driven Loader: true, Async Loading Thread: true, Async Post Load: true
LogInit: Object subsystem initialized
[2021.05.28-13.37.24:225][  0]LogInit: Selected Device Profile: [WindowsNoEditor]
[2021.05.28-13.37.24:225][  0]LogInit: Applying CVar settings loaded from the selected device profile: [WindowsNoEditor]
[2021.05.28-13.37.24:225][  0]LogHAL: Display: Platform has ~ 16 GB [17123049472 / 17179869184 / 16], which maps to Larger [LargestMinGB=32, LargerMinGB=12, DefaultMinGB=8, SmallerMinGB=6, SmallestMinGB=0)
[2021.05.28-13.37.24:225][  0]LogInit: Going up to parent DeviceProfile [Windows]
[2021.05.28-13.37.24:225][  0]LogInit: Going up to parent DeviceProfile []
[2021.05.28-13.37.24:225][  0]LogInit: Computer: MILLENNIAL97-HO
[2021.05.28-13.37.24:225][  0]LogInit: User: mille
[2021.05.28-13.37.24:225][  0]LogInit: CPU Page size=4096, Cores=6
[2021.05.28-13.37.24:225][  0]LogInit: High frequency timer resolution =10.000000 MHz
[2021.05.28-13.37.24:225][  0]LogMemory: Memory total: Physical=15.9GB (16GB approx)
[2021.05.28-13.37.24:225][  0]LogMemory: Platform Memory Stats for WindowsNoEditor
[2021.05.28-13.37.24:225][  0]LogMemory: Process Physical Memory: 116.01 MB used, 116.01 MB peak
[2021.05.28-13.37.24:225][  0]LogMemory: Process Virtual Memory: 99.68 MB used, 99.68 MB peak
[2021.05.28-13.37.24:225][  0]LogMemory: Physical Memory: 6839.94 MB used,  9489.87 MB free, 16329.81 MB total
[2021.05.28-13.37.24:225][  0]LogMemory: Virtual Memory: 4626.20 MB used,  134213104.00 MB free, 134217728.00 MB total
[2021.05.28-13.37.24:360][  0]LogWindows: WindowsPlatformFeatures enabled
[2021.05.28-13.37.26:019][  0]LogInit: Physics initialised using underlying interface: PhysX
[2021.05.28-13.37.26:051][  0]LogInit: Overriding language with engine culture configuration option (en-US-Posix).
[2021.05.28-13.37.26:051][  0]LogInit: Overriding locale with engine culture configuration option (en-US-Posix).
[2021.05.28-13.37.26:143][  0]LogTextLocalizationResource: LocRes '../../../Engine/Content/Localization/Engine/en-US-POSIX/Engine.locres' could not be opened for reading!
[2021.05.28-13.37.26:143][  0]LogTextLocalizationResource: LocRes '../../../Engine/Plugins/Online/OnlineFramework/Content/Localization/OnlineFramework/en-US-POSIX/OnlineFramework.locres' could not be opened for reading!
[2021.05.28-13.37.26:143][  0]LogTextLocalizationResource: LocRes '../../../Engine/Plugins/Online/OnlineSubsystem/Content/Localization/OnlineSubsystem/en-US-POSIX/OnlineSubsystem.locres' could not be opened for reading!
[2021.05.28-13.37.26:143][  0]LogTextLocalizationResource: LocRes '../../../Engine/Plugins/Online/OnlineSubsystemUtils/Content/Localization/OnlineSubsystemUtils/en-US-POSIX/OnlineSubsystemUtils.locres' could not be opened for reading!
[2021.05.28-13.37.26:143][  0]LogTextLocalizationResource: LocRes '../../../Engine/Plugins/Online/OnlineSubsystemSteam/Content/Localization/OnlineSubsystemSteam/en-US-POSIX/OnlineSubsystemSteam.locres' could not be opened for reading!
[2021.05.28-13.37.27:664][  0]LogSlate: New Slate User Created.  User Index 0, Is Virtual User: 0
[2021.05.28-13.37.27:665][  0]LogSlate: Slate User Registered.  User Index 0, Is Virtual User: 0
[2021.05.28-13.37.27:975][  0]LogD3D11RHI: D3D11 min allowed feature level: 11_0
[2021.05.28-13.37.27:975][  0]LogD3D11RHI: D3D11 max allowed feature level: 11_0
[2021.05.28-13.37.27:975][  0]LogD3D11RHI: D3D11 adapters:
[2021.05.28-13.37.28:385][  0]LogD3D11RHI:    0. 'NVIDIA GeForce GTX 1070 Ti' (Feature Level 11_0)
[2021.05.28-13.37.28:385][  0]LogD3D11RHI:       8079/0/8164 MB DedicatedVideo/DedicatedSystem/SharedSystem, Outputs:4, VendorId:0x10de
[2021.05.28-13.37.28:389][  0]LogD3D11RHI:    1. 'Microsoft Basic Render Driver' (Feature Level 11_0)
[2021.05.28-13.37.28:389][  0]LogD3D11RHI:       0/0/8164 MB DedicatedVideo/DedicatedSystem/SharedSystem, Outputs:0, VendorId:0x1414
[2021.05.28-13.37.28:389][  0]LogD3D11RHI: Chosen D3D11 Adapter: 0
[2021.05.28-13.37.28:397][  0]LogD3D11RHI: Creating new Direct3DDevice
[2021.05.28-13.37.28:446][  0]LogD3D11RHI:     GPU DeviceId: 0x1b82 (for the marketing name, search the web for "GPU Device Id")
[2021.05.28-13.37.28:446][  0]LogWindows: EnumDisplayDevices:
[2021.05.28-13.37.28:447][  0]LogWindows:    0. 'NVIDIA GeForce GTX 1070 Ti' (P:1 D:1)
[2021.05.28-13.37.28:447][  0]LogWindows:    1. 'NVIDIA GeForce GTX 1070 Ti' (P:0 D:1)
[2021.05.28-13.37.28:447][  0]LogWindows:    2. 'NVIDIA GeForce GTX 1070 Ti' (P:0 D:1)
[2021.05.28-13.37.28:447][  0]LogWindows:    3. 'NVIDIA GeForce GTX 1070 Ti' (P:0 D:1)
[2021.05.28-13.37.28:447][  0]LogWindows: DebugString: FoundDriverCount:4 
[2021.05.28-13.37.28:447][  0]LogD3D11RHI:     Adapter Name: NVIDIA GeForce GTX 1070 Ti
[2021.05.28-13.37.28:448][  0]LogD3D11RHI:   Driver Version: 466.27 (internal:27.21.14.6627, unified:466.27)
[2021.05.28-13.37.28:448][  0]LogD3D11RHI:      Driver Date: 4-23-2021
[2021.05.28-13.37.28:448][  0]LogRHI: Texture pool is 5655 MB (70% of 8079 MB)
[2021.05.28-13.37.28:615][  0]LogD3D11RHI: RHI has support for 64 bit atomics
[2021.05.28-13.37.28:615][  0]LogD3D11RHI: Async texture creation enabled
[2021.05.28-13.37.28:615][  0]LogD3D11RHI: Array index from any shader is supported
[2021.05.28-13.37.29:327][  0]LogD3D11RHI: GPU Timing Frequency: 1000.000000 (Debug: 2 1)
[2021.05.28-13.37.29:727][  0]LogSlate: Using FreeType 2.10.0
[2021.05.28-13.37.29:823][  0]LogSlate: SlateFontServices - WITH_FREETYPE: 1, WITH_HARFBUZZ: 1
[2021.05.28-13.37.30:780][  0]LogInit: Overriding language with engine culture configuration option (en-US-Posix).
[2021.05.28-13.37.30:780][  0]LogInit: Overriding locale with engine culture configuration option (en-US-Posix).
[2021.05.28-13.37.30:958][  0]LogTextLocalizationResource: LocRes '../../../FactoryGame/Content/Localization/Game/en/Game.locres' could not be opened for reading!
[2021.05.28-13.37.30:960][  0]LogTextLocalizationManager: Compacting localization data took   0.45ms
[2021.05.28-13.37.31:314][  0]LogAssetRegistry: FAssetRegistry took 0.3528 seconds to start up
[2021.05.28-13.37.31:774][  0]LogEnum: Warning: EnumRedirect for enum ECachedNatType maps 'ECachedNATType::CNT_MAX' to invalid value 'ECachedNatType::CNT_MAX'!
[2021.05.28-13.37.32:168][  0]LogStreaming: Display: Flushing async loaders.
[2021.05.28-13.37.32:168][  0]LogPackageLocalizationCache: Processed 21 localized package path(s) for 2 prioritized culture(s) in 0.000223 seconds
[2021.05.28-13.37.32:177][  0]LogPakFile: New pak file ../../../FactoryGame/Content/Paks/FactoryGame-WindowsNoEditor.pak added to pak precacher.
[2021.05.28-13.37.32:241][  0]LogInit: Selected Device Profile: [WindowsNoEditor]
[2021.05.28-13.37.32:439][  0]LogNetVersion: FactoryGame 1.0.0, NetCL: 155350, EngineNetVer: 14, GameNetVer: 0 (Checksum: 3419547785)
[2021.05.28-13.37.33:210][  0]LogAISub: UAISubsystem::UAISubsystem AISubsystem (00000288267023C0), frame # 0
[2021.05.28-13.37.33:210][  0]LogAISub: UAISubsystem::UAISubsystem AIPerceptionSystem (00000288260DA600), frame # 0
[2021.05.28-13.37.33:240][  0]LogAISub: UAISubsystem::UAISubsystem EnvQueryManager (00000288260DF740), frame # 0
[2021.05.28-13.37.34:849][  0]LogMoviePlayer: Initializing movie player
[2021.05.28-13.37.35:186][  0]LogAkAudio: Wwise(R) SDK Version 2019.2.7 Build 7402. Copyright (c) 2006-2019 Audiokinetic Inc.
[2021.05.28-13.37.35:188][  0]LogAkAudio: Wwise plug-in DLL path: B:/SteamLibrary/steamapps/common/Satisfactory/Engine/Plugins/Wwise/ThirdParty/x64_vc150/Release/bin/
[2021.05.28-13.37.35:205][  0]LogAkAudio: Wwise successfully initialized.
[2021.05.28-13.37.35:208][  0]LogAkAudio: Initialization complete.
[2021.05.28-13.37.35:208][  0]LogInit: Audiokinetic Audio Device initialized.
[2021.05.28-13.37.37:661][  0]LogSerialization: Warning: Attempting to load a BulkData object that cannot be loaded from disk
[2021.05.28-13.37.37:728][  0]LogSlate: InvalidateAllWidgets triggered.  All widgets were invalidated
[2021.05.28-13.37.39:515][  0]LogSlate: InvalidateAllWidgets triggered.  All widgets were invalidated
[2021.05.28-13.37.41:093][  0]LogPakFile: Precache HighWater 16MB

[2021.05.28-13.37.41:093][  0]LogSlate: InvalidateAllWidgets triggered.  All widgets were invalidated
[2021.05.28-13.37.43:781][  0]LogSlate: InvalidateAllWidgets triggered.  All widgets were invalidated
[2021.05.28-13.37.44:218][  0]LogSlate: InvalidateAllWidgets triggered.  All widgets were invalidated
[2021.05.28-13.38.00:425][  0]GameAnalyticsModule: Display: GameAnalyticsModule has started!
[2021.05.28-13.38.00:425][  0]LogStreaming: Warning: Failed to read file 'C:/Users/mille/AppData/Local/FactoryGame/Saved/SaveGames/GameAnalytics.sav' error.
[2021.05.28-13.38.04:159][  0]LogAudioCaptureCore: Display: No Audio Capture implementations found. Audio input will be silent.
[2021.05.28-13.38.04:159][  0]LogAudioCaptureCore: Display: No Audio Capture implementations found. Audio input will be silent.
[2021.05.28-13.38.04:807][  0]LogUObjectArray: 90393 objects as part of root set at end of initial load.
[2021.05.28-13.38.04:807][  0]LogUObjectArray: 2 objects are not in the root set, but can never be destroyed because they are in the DisregardForGC set.
[2021.05.28-13.38.04:807][  0]LogUObjectAllocator: 26463120 out of 0 bytes used by permanent object pool.
[2021.05.28-13.38.04:807][  0]LogUObjectArray: CloseDisregardForGC: 90393/90393 objects in disregard for GC pool
[2021.05.28-13.38.04:834][  0]LogEngine: Initializing Engine...
[2021.05.28-13.38.04:873][  0]LogStats: UGameplayTagsManager::InitializeManager -  0.038 s
[2021.05.28-13.38.05:482][  0]LogPakFile: Precache HighWater 32MB

[2021.05.28-13.38.05:482][  0]LogInit: Initializing FReadOnlyCVARCache
[2021.05.28-13.38.05:553][  0]LogAudioMixer: Display: Audio Mixer Platform Settings:
[2021.05.28-13.38.05:553][  0]LogAudioMixer: Display: 	Sample Rate:						  48000
[2021.05.28-13.38.05:553][  0]LogAudioMixer: Display: 	Callback Buffer Frame Size Requested: 1024
[2021.05.28-13.38.05:553][  0]LogAudioMixer: Display: 	Callback Buffer Frame Size To Use:	  1024
[2021.05.28-13.38.05:553][  0]LogAudioMixer: Display: 	Number of buffers to queue:			  2
[2021.05.28-13.38.05:553][  0]LogAudioMixer: Display: 	Max Channels (voices):				  32
[2021.05.28-13.38.05:553][  0]LogAudioMixer: Display: 	Number of Async Source Workers:		  0
[2021.05.28-13.38.05:553][  0]LogAudio: Display: AudioDevice MaxSources: 32
[2021.05.28-13.38.05:596][  0]LogAudio: Display: Using built-in audio occlusion.
[2021.05.28-13.38.05:596][  0]LogAudioMixer: Display: Initializing audio mixer.
[2021.05.28-13.38.05:931][  0]LogAudioDebug: Display: Lib vorbis DLL was dynamically loaded.
[2021.05.28-13.38.05:986][  0]LogAudioMixer: Display: 0: FrontLeft
[2021.05.28-13.38.05:986][  0]LogAudioMixer: Display: 1: FrontRight
[2021.05.28-13.38.06:012][  0]LogAudioMixer: Display: Using Audio Device Speakers (High Definition Audio Device)
[2021.05.28-13.38.06:042][  0]LogAudioMixer: Display: Initializing Sound Submixes...
[2021.05.28-13.38.06:043][  0]LogAudioMixer: Display: Creating Master Submix 'MasterSubmixDefault'
[2021.05.28-13.38.06:044][  0]LogAudioMixer: Display: Creating Master Submix 'MasterReverbSubmixDefault'
[2021.05.28-13.38.06:066][  0]LogAudioMixer: Display: Creating Master Submix 'MasterEQSubmixDefault'
[2021.05.28-13.38.06:108][  0]LogInit: FAudioDevice initialized.
[2021.05.28-13.38.06:108][  0]LogConfig: Warning: Trying to use empty CVAR
[2021.05.28-13.38.06:132][  0]LogConfig: Warning: Trying to use empty CVAR
[2021.05.28-13.38.06:132][  0]LogConfig: Warning: Trying to use empty CVAR
[2021.05.28-13.38.06:133][  0]LogConfig: Warning: Trying to use empty CVAR
[2021.05.28-13.38.06:133][  0]LogConfig: Warning: Trying to use empty CVAR
[2021.05.28-13.38.06:133][  0]LogConfig: Warning: Trying to use empty CVAR
[2021.05.28-13.38.06:149][  0]LogNetVersion: Set ProjectVersion to 0.0.1.0. Version Checksum will be recalculated on next use.
[2021.05.28-13.38.06:149][  0]LogInit: Texture streaming: Enabled
[2021.05.28-13.38.06:336][  0]LogConfig: Warning: Trying to use empty CVAR
[2021.05.28-13.38.06:336][  0]LogConfig: Warning: Trying to use empty CVAR
[2021.05.28-13.38.06:336][  0]LogConfig: Warning: Trying to use empty CVAR
[2021.05.28-13.38.06:337][  0]LogConfig: Warning: Trying to use empty CVAR
[2021.05.28-13.38.06:337][  0]LogConfig: Warning: Trying to use empty CVAR
[2021.05.28-13.38.06:337][  0]LogConfig: Warning: Trying to use empty CVAR
[2021.05.28-13.38.06:559][  0]LogGame: MaxNumBackupsaves: 25
[2021.05.28-13.38.06:575][  0]GameAnalyticsModule: Warning: Invalid EOS Metrics Handle
[2021.05.28-13.38.06:575][  0]GameAnalyticsModule: Warning: AnalyticsService is initialized for Epic Online Services Metris
[2021.05.28-13.38.06:638][  0]LogSlate: Updating window title bar state: overlay mode, drag disabled, window buttons hidden, title bar hidden
[2021.05.28-13.38.06:676][  0]LogInit: Display: Game Engine Initialized.
[2021.05.28-13.38.06:676][  0]LogNetVersion: Set ProjectVersion to ++FactoryGame+rel-early-access-CL-155350. Version Checksum will be recalculated on next use.
[2021.05.28-13.38.06:688][  0]LogConsoleResponse: Display: RHIThread is now running on a dedicated thread.
[2021.05.28-13.38.06:689][  0]LogAkAudio: Loading intitial data.
[2021.05.28-13.38.07:870][  0]LogAkAudio: Loading intitial data complete, took: 1.181621
[2021.05.28-13.38.07:871][  0]LogInit: OnPostEngineInit has been broadcasted successfully.
[2021.05.28-13.38.09:853][  0]LogInit: Display: Starting Game.
[2021.05.28-13.38.09:946][  0]LogNet: Browse: /Game/FactoryGame/Map/MenuScenes/Map_MenuScene_Update_4_01?Name=Player
[2021.05.28-13.38.19:616][  0]LogPakFile: Precache HighWater 48MB

[2021.05.28-13.38.19:616][  0]LogLoad: LoadMap: /Game/FactoryGame/Map/MenuScenes/Map_MenuScene_Update_4_01?Name=Player
[2021.05.28-13.38.19:616][  0]LogWorld: BeginTearingDown for /Temp/Untitled_0
[2021.05.28-13.38.19:634][  0]LogWorld: UWorld::CleanupWorld for Untitled, bSessionEnded=true, bCleanupResources=true
[2021.05.28-13.38.19:634][  0]LogSlate: InvalidateAllWidgets triggered.  All widgets were invalidated
[2021.05.28-13.38.19:774][  0]LogUObjectHash: Compacting FUObjectHashTables data took   3.91ms
[2021.05.28-13.38.21:072][  0]LogAIModule: Creating AISystem for world Map_MenuScene_Update_4_01
[2021.05.28-13.38.21:102][  0]LogAISub: UAISubsystem::UAISubsystem EnvQueryManager (000002884C4D9E80), frame # 0
[2021.05.28-13.38.21:102][  0]LogAISub: UAISubsystem::UAISubsystem AIPerceptionSystem (00000288284740C0), frame # 0
[2021.05.28-13.38.21:102][  0]LogLoad: Game class is 'BP_GameModeMenu_C'
[2021.05.28-13.38.21:564][  0]LogWorld: Bringing World /Game/FactoryGame/Map/MenuScenes/Map_MenuScene_Update_4_01.Map_MenuScene_Update_4_01 up for play (max tick rate 0) at 2021.05.28-19.08.21
[2021.05.28-13.38.21:567][  0]LogSlate: InvalidateAllWidgets triggered.  All widgets were invalidated
[2021.05.28-13.38.21:579][  0]LogWorld: Bringing up level for play took: 0.124803
[2021.05.28-13.38.21:625][  0]LogGame: Warning: Player start 'PlayerStart_2' has no tag.
[2021.05.28-13.38.21:637][  0]LogGameMode: Display: Match State Changed from EnteringMap to WaitingToStart
[2021.05.28-13.38.21:637][  0]LogGameState: Match State Changed from EnteringMap to WaitingToStart
[2021.05.28-13.38.21:637][  0]LogGameMode: Display: Match State Changed from WaitingToStart to InProgress
[2021.05.28-13.38.22:026][  0]LogSlate: Took 0.016998 seconds to synchronously load lazily loaded font '../../../Engine/Content/Slate/Fonts/Roboto-Regular.ttf' (155K)
[2021.05.28-13.38.22:133][  0]GameAnalyticsModule: Warning: AnalyticsService not initialized for Google Analytics
[2021.05.28-13.38.22:133][  0]GameAnalyticsModule: Display: Sent CCU heartbeat
[2021.05.28-13.38.22:133][  0]LogSerialization: Warning: Attempting to load a BulkData object that cannot be loaded from disk
[2021.05.28-13.38.22:135][  0]LogSerialization: Warning: Attempting to load a BulkData object that cannot be loaded from disk
[2021.05.28-13.38.22:179][  0]LogTemp: Warning: Mesh SM_ConveyorLift_Lift_01,Lod level 0 Row 0, Id 0
[2021.05.28-13.38.22:180][  0]LogTemp: Warning: Mesh SM_ConveyorLift_Lift_01,Lod level 1 Row 0, Id 1
[2021.05.28-13.38.22:180][  0]LogTemp: Warning: Mesh SM_ConveyorLift_Lift_01,Lod level 2 Row 0, Id 2
[2021.05.28-13.38.22:181][  0]LogGameState: Match State Changed from WaitingToStart to InProgress
[2021.05.28-13.38.22:181][  0]LogLoad: Took 2.564796 seconds to LoadMap(/Game/FactoryGame/Map/MenuScenes/Map_MenuScene_Update_4_01)
[2021.05.28-13.38.22:201][  0]LogLoad: (Engine Initialization) Total time: 70.96 seconds
[2021.05.28-13.38.22:203][  0]LogRawInputWindows: Warning: Found device 14 devices
[2021.05.28-13.38.22:203][  0]LogRawInputWindows: Warning: Found device 14 devices
[2021.05.28-13.38.22:203][  0]LogRawInputWindows: Warning: Device was registered succesfully but not connected (Usage:4 UsagePage:1)
[2021.05.28-13.38.22:203][  0]LogRawInputWindows: Warning: Found device 14 devices
[2021.05.28-13.38.22:203][  0]LogRawInputWindows: Warning: Device was registered succesfully but not connected (Usage:5 UsagePage:1)
[2021.05.28-13.38.22:581][  0]LogContentStreaming: Texture pool size now 2100 MB
[2021.05.28-13.38.22:694][  1]LogOnline: Warning: OSS: EOSSDK-LogEOSP2P: NAT Detection failed, unable to resolve host
[2021.05.28-13.38.22:852][  1]LogSlate: Took 0.133947 seconds to synchronously load lazily loaded font '../../../FactoryGame/Content/FactoryGame/Interface/Font/OpenSans-Regular.ufont' (213K)
[2021.05.28-13.38.22:891][  1]LogSlate: Took 0.000940 seconds to synchronously load lazily loaded font '../../../FactoryGame/Content/FactoryGame/Interface/Font/OpenSans-SemiBold.ufont' (216K)
[2021.05.28-13.38.22:909][  1]LogSlate: Took 0.013084 seconds to synchronously load lazily loaded font '../../../FactoryGame/Content/FactoryGame/Interface/Font/NotoNaskhArabicUI-Regular.ufont' (144K)
[2021.05.28-13.38.23:013][  1]LogSlate: Took 0.103513 seconds to synchronously load lazily loaded font '../../../FactoryGame/Content/FactoryGame/Interface/Font/DroidSansFallback.ufont' (3848K)
[2021.05.28-13.38.23:013][  1]LogSlate: Took 0.000082 seconds to synchronously load lazily loaded font '../../../FactoryGame/Content/FactoryGame/Interface/Font/DroidSansMono.ufont' (77K)
[2021.05.28-13.38.23:074][  1]LogSlate: Took 0.061208 seconds to synchronously load lazily loaded font '../../../FactoryGame/Content/FactoryGame/Interface/Font/Malgun-Gothic.ufont' (4236K)
[2021.05.28-13.38.23:117][  1]LogSlate: Took 0.038307 seconds to synchronously load lazily loaded font '../../../FactoryGame/Content/FactoryGame/Interface/Font/OpenSans-Bold.ufont' (220K)
[2021.05.28-13.38.23:118][  1]LogStreaming: Display: Suspending async loading (1)
[2021.05.28-13.38.23:139][  1]LogStreaming: Display: Resuming async loading (0)
[2021.05.28-13.38.23:246][  2]LogRenderer: Reallocating scene render targets to support 1920x1080 Format 10 NumSamples 1 (Frame:1).
[2021.05.28-13.38.23:246][  2]LogStaticMesh: Allocated 512x309x64 distance field atlas = 9.7Mb, with 163 objects containing 5.3Mb backing data
[2021.05.28-13.38.26:441][328]LogOnlineIdentity: OSS: Regestring NotifyOnPresenceChanged and got handle: 17 on the user manager at 00000288102760A0
[2021.05.28-13.38.26:441][328]LogOnlineIdentity: OSS: Adding notify on auth time out for user: 0
[2021.05.28-13.38.26:441][328]LogOnlineIdentity: OSS: Adding notify on auth time out for user: 0
[2021.05.28-13.38.26:441][328]LogOnlineIdentity: OSS: Starting account connection GUI
[2021.05.28-13.38.26:441][328]LogOnlineIdentity: OSS: Attempting GetEncryptedAppTicket for Steam.
[2021.05.28-13.38.26:458][328]LogOnline: OSS: BroadcastAccountConnectionStepResult: EEosAccountConnectionResult::Close
[2021.05.28-13.38.26:797][376]LogOnlineIdentity: STEAM: Got Steam Login Token with length 126
[2021.05.28-13.38.26:797][376]LogOnlineIdentity: OSS: Got Steam Login Token result: True
[2021.05.28-13.38.26:797][376]LogOnlineIdentity: OSS: Calling EOS_Connect_Login
[2021.05.28-13.38.27:652][494]LogOnlineIdentity: OSS: Got reply from EOS_Connect_Login
[2021.05.28-13.38.27:652][494]LogOnlineIdentity: OSS: EEosAccountConnectionResult::Success
[2021.05.28-13.38.27:652][494]LogOnlineIdentity: OSS: Update account connection GUI with event
[2021.05.28-13.38.27:653][494]LogOnline: OSS: BroadcastAccountConnectionStepResult: EEosAccountConnectionResult::Success
[2021.05.28-13.38.28:036][548]LogOnlineIdentity: OSS: Presence update notification
[2021.05.28-13.38.28:037][548]LogOnlineIdentity: OSS: The presence udpate was for an unmapeed user... 
[2021.05.28-13.38.28:043][549]LogOnlineIdentity: OSS: Presence update notification
[2021.05.28-13.38.28:044][549]LogOnlineIdentity: OSS: The presence udpate was for user: 1f3ba0c83c0949e487440a715f7128e7
[2021.05.28-13.38.28:044][549]LogOnlineIdentity: OSS: Seding notify of presence update for: 1f3ba0c83c0949e487440a715f7128e7
[2021.05.28-13.38.28:079][554]LogOnlineIdentity: OSS: Presence update notification
[2021.05.28-13.38.28:079][554]LogOnlineIdentity: OSS: The presence udpate was for user: 3fd103e5a898493684a28d164569e37c
[2021.05.28-13.38.28:079][554]LogOnlineIdentity: OSS: Seding notify of presence update for: 3fd103e5a898493684a28d164569e37c
[2021.05.28-13.38.34:902][543]LogOnlineIdentity: OSS: Presence update notification
[2021.05.28-13.38.34:902][543]LogOnlineIdentity: OSS: The presence udpate was for an unmapeed user... 
[2021.05.28-13.38.38:740][ 71]LogNiagara: Warning: Niagara Effect has completed naturally but has an effect type with the "Asleep" cull reaction. If an effect like this is culled before it can complete then it could leak into the scalability manager and be reactivated incorrectly. Please verify this is using the correct EffctType.
Component:NiagaraComponent /Game/FactoryGame/Map/MenuScenes/Map_MenuScene_Update_4_01.Map_MenuScene_Update_4_01:PersistentLevel.NS_Hadron_Electricity_01_Small_2147481906.NiagaraComponent0
System:NiagaraSystem /Game/FactoryGame/Map/MenuScenes/VFX/NS_Hadron_Electricity_01_Small.NS_Hadron_Electricity_01_Small
[2021.05.28-13.38.53:622][253]LogNiagara: Warning: Niagara Effect has completed naturally but has an effect type with the "Asleep" cull reaction. If an effect like this is culled before it can complete then it could leak into the scalability manager and be reactivated incorrectly. Please verify this is using the correct EffctType.
Component:NiagaraComponent /Game/FactoryGame/Map/MenuScenes/Map_MenuScene_Update_4_01.Map_MenuScene_Update_4_01:PersistentLevel.NS_Hadron_Electricity_2147481903.NiagaraComponent0
System:NiagaraSystem /Game/FactoryGame/Map/MenuScenes/VFX/NS_Hadron_Electricity_Medium.NS_Hadron_Electricity_Medium
[2021.05.28-13.39.04:912][942]LogOnlineIdentity: OSS: Presence update notification
[2021.05.28-13.39.04:912][942]LogOnlineIdentity: OSS: The presence udpate was for an unmapeed user... 
[2021.05.28-13.39.06:961][249]LogNiagara: Warning: Niagara Effect has completed naturally but has an effect type with the "Asleep" cull reaction. If an effect like this is culled before it can complete then it could leak into the scalability manager and be reactivated incorrectly. Please verify this is using the correct EffctType.
Component:NiagaraComponent /Game/FactoryGame/Map/MenuScenes/Map_MenuScene_Update_4_01.Map_MenuScene_Update_4_01:PersistentLevel.NS_Hadron_Electricity_012_2147481900.NiagaraComponent0
System:NiagaraSystem /Game/FactoryGame/Map/MenuScenes/VFX/NS_Hadron_Electricity_large.NS_Hadron_Electricity_Large
[2021.05.28-13.39.07:474][321]Closing by request
[2021.05.28-13.39.07:474][321]LogWindows: FPlatformMisc::RequestExit(0)
[2021.05.28-13.39.07:474][321]LogCore: Engine exit requested (reason: Win RequestExit)
[2021.05.28-13.39.07:476][322]LogCore: Engine exit requested (reason: EngineExit() was called; note: exit was already requested)
[2021.05.28-13.39.07:478][322]LogAudio: Display: Shutting down audio device while 2 references to it are still alive. For more information, compile with INSTRUMENT_AUDIODEVICE_HANDLES.
[2021.05.28-13.39.07:528][322]LogInit: Display: PreExit Game.
[2021.05.28-13.39.07:529][322]LogWorld: BeginTearingDown for /Game/FactoryGame/Map/MenuScenes/Map_MenuScene_Update_4_01
[2021.05.28-13.39.07:558][322]LogWorld: UWorld::CleanupWorld for Map_MenuScene_Update_4_01, bSessionEnded=true, bCleanupResources=true
[2021.05.28-13.39.07:574][322]LogSlate: InvalidateAllWidgets triggered.  All widgets were invalidated
[2021.05.28-13.39.07:868][322]LogStreaming: Display: Suspending async loading (1)
[2021.05.28-13.39.07:870][322]LogStreaming: Display: Resuming async loading (0)
[2021.05.28-13.39.07:872][322]LogSlate: Request Window 'Satisfactory  ' being destroyed
[2021.05.28-13.39.07:872][322]LogStreaming: Display: Suspending async loading (1)
[2021.05.28-13.39.07:908][322]LogStreaming: Display: Resuming async loading (0)
[2021.05.28-13.39.07:910][322]LogSlate: Window 'Satisfactory  ' being destroyed
[2021.05.28-13.39.08:067][322]LogWindowsTextInputMethodSystem: Display: IME system now deactivated.
[2021.05.28-13.39.08:172][322]LogExit: Preparing to exit.
[2021.05.28-13.39.08:172][322]LogMoviePlayer: Shutting down movie player
[2021.05.28-13.39.08:189][322]LogOnline: Error: OSS: Leaderboards Interface Requested
[2021.05.28-13.39.08:189][322]LogOnline: Error: OSS: Leaderboards Interface Requested
[2021.05.28-13.39.08:450][322]LogSlate: Updating window title bar state: overlay mode, drag disabled, window buttons hidden, title bar hidden
[2021.05.28-13.39.08:489][322]LogDemo: Cleaned up 0 splitscreen connections with owner deletion
[2021.05.28-13.39.08:529][322]LogExit: Game engine shut down
[2021.05.28-13.39.08:712][322]LogAISub: UAISubsystem::~UAISubsystem AISubsystem (00000288267023C0), frame # 6322
[2021.05.28-13.39.08:712][322]LogAISub: UAISubsystem::~UAISubsystem AIPerceptionSystem (00000288260DA600), frame # 6322
[2021.05.28-13.39.08:726][322]LogAISub: UAISubsystem::~UAISubsystem EnvQueryManager (00000288260DF740), frame # 6322
[2021.05.28-13.39.08:896][322]LogAISub: UAISubsystem::~UAISubsystem EnvQueryManager (000002884C4D9E80), frame # 6322
[2021.05.28-13.39.08:896][322]LogAISub: UAISubsystem::~UAISubsystem AIPerceptionSystem (00000288284740C0), frame # 6322
[2021.05.28-13.39.08:964][322]LogExit: Object subsystem successfully closed.
[2021.05.28-13.39.09:066][322]LogModuleManager: Shutting down and abandoning module AIModule (278)
[2021.05.28-13.39.09:067][322]LogModuleManager: Shutting down and abandoning module NavigationSystem (277)
[2021.05.28-13.39.09:067][322]LogModuleManager: Shutting down and abandoning module WebMMediaFactory (274)
[2021.05.28-13.39.09:067][322]LogModuleManager: Shutting down and abandoning module WebMMedia (272)
[2021.05.28-13.39.09:067][322]LogModuleManager: Shutting down and abandoning module WmfMediaFactory (270)
[2021.05.28-13.39.09:067][322]LogModuleManager: Shutting down and abandoning module OpenExrWrapper (268)
[2021.05.28-13.39.09:067][322]LogModuleManager: Shutting down and abandoning module ImgMediaFactory (266)
[2021.05.28-13.39.09:067][322]LogModuleManager: Shutting down and abandoning module CharacterAI (264)
[2021.05.28-13.39.09:067][322]LogModuleManager: Shutting down and abandoning module PlanarCut (262)
[2021.05.28-13.39.09:074][322]LogModuleManager: Shutting down and abandoning module MfMediaFactory (260)
[2021.05.28-13.39.09:074][322]LogModuleManager: Shutting down and abandoning module SessionServices (258)
[2021.05.28-13.39.09:074][322]LogModuleManager: Shutting down and abandoning module LevelSequence (256)
[2021.05.28-13.39.09:074][322]LogModuleManager: Shutting down and abandoning module MovieSceneTracks (254)
[2021.05.28-13.39.09:074][322]LogModuleManager: Shutting down and abandoning module MovieScene (252)
[2021.05.28-13.39.09:074][322]LogModuleManager: Shutting down and abandoning module StreamingPauseRendering (250)
[2021.05.28-13.39.09:074][322]LogModuleManager: Shutting down and abandoning module AudioMixerXAudio2 (248)
[2021.05.28-13.39.09:074][322]LogModuleManager: Shutting down and abandoning module AudioMixerCore (247)
[2021.05.28-13.39.09:074][322]LogModuleManager: Shutting down and abandoning module ImageWriteQueue (244)
[2021.05.28-13.39.09:076][322]LogModuleManager: Shutting down and abandoning module Synthesis (242)
[2021.05.28-13.39.09:076][322]LogModuleManager: Shutting down and abandoning module GooglePAD (240)
[2021.05.28-13.39.09:076][322]LogModuleManager: Shutting down and abandoning module CustomMeshComponent (238)
[2021.05.28-13.39.09:076][322]LogModuleManager: Shutting down and abandoning module CableComponent (236)
[2021.05.28-13.39.09:076][322]LogModuleManager: Shutting down and abandoning module AudioCapture (234)
[2021.05.28-13.39.09:076][322]LogModuleManager: Shutting down and abandoning module AudioCaptureRtAudio (233)
[2021.05.28-13.39.09:076][322]LogModuleManager: Shutting down and abandoning module AssetTags (230)
[2021.05.28-13.39.09:076][322]LogModuleManager: Shutting down and abandoning module AppleImageUtils (228)
[2021.05.28-13.39.09:076][322]LogModuleManager: Shutting down and abandoning module TemplateSequence (224)
[2021.05.28-13.39.09:076][322]LogModuleManager: Shutting down and abandoning module MediaCompositing (222)
[2021.05.28-13.39.09:076][322]LogModuleManager: Shutting down and abandoning module ImgMedia (220)
[2021.05.28-13.39.09:076][322]LogModuleManager: Shutting down and abandoning module MagicLeapSharedWorld (218)
[2021.05.28-13.39.09:076][322]LogModuleManager: Shutting down and abandoning module ChaosNiagara (216)
[2021.05.28-13.39.09:076][322]LogModuleManager: Shutting down and abandoning module ProceduralMeshComponent (214)
[2021.05.28-13.39.09:076][322]LogModuleManager: Shutting down and abandoning module GeometryCollectionTracks (212)
[2021.05.28-13.39.09:076][322]LogModuleManager: Shutting down and abandoning module EditableMesh (210)
[2021.05.28-13.39.09:077][322]LogModuleManager: Shutting down and abandoning module MeshSolverUtilities (208)
[2021.05.28-13.39.09:114][322]LogModuleManager: Shutting down and abandoning module MeshConversion (206)
[2021.05.28-13.39.09:114][322]LogModuleManager: Shutting down and abandoning module DynamicMesh (204)
[2021.05.28-13.39.09:163][322]LogModuleManager: Shutting down and abandoning module GeometryAlgorithms (202)
[2021.05.28-13.39.09:217][322]LogModuleManager: Shutting down and abandoning module GeometricObjects (200)
[2021.05.28-13.39.09:295][322]LogModuleManager: Shutting down and abandoning module ChaosCloth (198)
[2021.05.28-13.39.09:295][322]LogModuleManager: Shutting down and abandoning module BackChannel (196)
[2021.05.28-13.39.09:295][322]LogModuleManager: Shutting down and abandoning module AutomationUtils (194)
[2021.05.28-13.39.09:295][322]LogModuleManager: Shutting down and abandoning module GeometryCacheTracks (192)
[2021.05.28-13.39.09:295][322]LogModuleManager: Shutting down and abandoning module GeometryCache (190)
[2021.05.28-13.39.09:295][322]LogModuleManager: Shutting down and abandoning module UObjectPlugin (188)
[2021.05.28-13.39.09:295][322]LogModuleManager: Shutting down and abandoning module RawInput (186)
[2021.05.28-13.39.09:295][322]LogSlate: Slate User Destroyed.  User Index 0, Is Virtual User: 0
[2021.05.28-13.39.09:295][322]LogModuleManager: Shutting down and abandoning module SteamController (184)
[2021.05.28-13.39.09:295][322]LogModuleManager: Shutting down and abandoning module LoginFlow (182)
[2021.05.28-13.39.09:295][322]LogModuleManager: Shutting down and abandoning module PlayTimeLimit (180)
[2021.05.28-13.39.09:295][322]LogModuleManager: Shutting down and abandoning module Rejoin (178)
[2021.05.28-13.39.09:295][322]LogModuleManager: Shutting down and abandoning module Hotfix (176)
[2021.05.28-13.39.09:295][322]LogModuleManager: Shutting down and abandoning module Lobby (174)
[2021.05.28-13.39.09:295][322]LogModuleManager: Shutting down and abandoning module Party (172)
[2021.05.28-13.39.09:295][322]LogModuleManager: Shutting down and abandoning module Qos (170)
[2021.05.28-13.39.09:295][322]LogModuleManager: Shutting down and abandoning module GameAnalyticsModule (168)
[2021.05.28-13.39.09:295][322]GameAnalyticsModule: Display: GameAnalyticsModule has shut down
[2021.05.28-13.39.09:295][322]LogModuleManager: Shutting down and abandoning module FactoryGame (166)
[2021.05.28-13.39.09:295][322]LogModuleManager: Shutting down and abandoning module CoffeeCore (165)
[2021.05.28-13.39.09:295][322]LogModuleManager: Shutting down and abandoning module SoundFields (162)
[2021.05.28-13.39.09:295][322]LogModuleManager: Shutting down and abandoning module RuntimePhysXCooking (160)
[2021.05.28-13.39.09:295][322]LogModuleManager: Shutting down and abandoning module ActorSequence (156)
[2021.05.28-13.39.09:295][322]LogModuleManager: Shutting down and abandoning module UdpMessaging (154)
[2021.05.28-13.39.09:295][322]LogModuleManager: Shutting down and abandoning module TcpMessaging (152)
[2021.05.28-13.39.09:295][322]LogModuleManager: Shutting down and abandoning module MagicLeapARPin (150)
[2021.05.28-13.39.09:295][322]LogModuleManager: Shutting down and abandoning module NiagaraAnimNotifies (148)
[2021.05.28-13.39.09:295][322]LogModuleManager: Shutting down and abandoning module Niagara (146)
[2021.05.28-13.39.09:295][322]LogModuleManager: Shutting down and abandoning module SignalProcessing (145)
[2021.05.28-13.39.09:295][322]LogModuleManager: Shutting down and abandoning module NiagaraCore (142)
[2021.05.28-13.39.09:295][322]LogModuleManager: Shutting down and abandoning module FacialAnimation (140)
[2021.05.28-13.39.09:295][322]LogModuleManager: Shutting down and abandoning module AnimationSharing (138)
[2021.05.28-13.39.09:295][322]LogModuleManager: Shutting down and abandoning module LightPropagationVolumeRuntime (136)
[2021.05.28-13.39.09:295][322]LogModuleManager: Shutting down and abandoning module Paper2D (134)
[2021.05.28-13.39.09:295][322]LogModuleManager: Shutting down and abandoning module SignificanceManager (132)
[2021.05.28-13.39.09:295][322]LogModuleManager: Shutting down and abandoning module ApexDestruction (130)
[2021.05.28-13.39.09:295][322]LogModuleManager: Shutting down and abandoning module AkAudio (128)
[2021.05.28-13.39.09:423][322]LogInit: Audiokinetic Audio Device terminated.
[2021.05.28-13.39.09:424][322]LogModuleManager: Shutting down and abandoning module ReplicationGraph (126)
[2021.05.28-13.39.09:424][322]LogModuleManager: Shutting down and abandoning module WindowsMoviePlayer (124)
[2021.05.28-13.39.09:428][322]LogModuleManager: Shutting down and abandoning module WebMMoviePlayer (122)
[2021.05.28-13.39.09:428][322]LogModuleManager: Shutting down and abandoning module NetworkReplayStreaming (120)
[2021.05.28-13.39.09:428][322]LogModuleManager: Shutting down and abandoning module PacketHandler (118)
[2021.05.28-13.39.09:428][322]LogModuleManager: Shutting down and abandoning module ClothingSystemRuntimeNv (116)
[2021.05.28-13.39.09:606][322]LogModuleManager: Shutting down and abandoning module MediaAssets (114)
[2021.05.28-13.39.09:606][322]LogModuleManager: Shutting down and abandoning module Overlay (112)
[2021.05.28-13.39.09:606][322]LogModuleManager: Shutting down and abandoning module UMG (110)
[2021.05.28-13.39.09:606][322]LogModuleManager: Shutting down and abandoning module Slate (108)
[2021.05.28-13.39.09:606][322]LogModuleManager: Shutting down and abandoning module SlateCore (106)
[2021.05.28-13.39.09:606][322]LogModuleManager: Shutting down and abandoning module MRMesh (104)
[2021.05.28-13.39.09:606][322]LogModuleManager: Shutting down and abandoning module Messaging (102)
[2021.05.28-13.39.09:606][322]LogModuleManager: Shutting down and abandoning module HeadMountedDisplay (100)
[2021.05.28-13.39.09:606][322]LogModuleManager: Shutting down and abandoning module XAudio2 (98)
[2021.05.28-13.39.09:606][322]LogModuleManager: Shutting down and abandoning module Networking (96)
[2021.05.28-13.39.09:606][322]LogModuleManager: Shutting down and abandoning module Core (94)
[2021.05.28-13.39.09:606][322]LogModuleManager: Shutting down and abandoning module ImageWrapper (90)
[2021.05.28-13.39.09:606][322]LogModuleManager: Shutting down and abandoning module InputCore (88)
[2021.05.28-13.39.09:606][322]LogModuleManager: Shutting down and abandoning module PhysXCooking (86)
[2021.05.28-13.39.09:606][322]LogModuleManager: Shutting down and abandoning module ChaosSolvers (84)
[2021.05.28-13.39.09:606][322]LogModuleManager: Shutting down and abandoning module FieldSystemEngine (83)
[2021.05.28-13.39.09:607][322]LogModuleManager: Shutting down and abandoning module Chaos (80)
[2021.05.28-13.39.09:607][322]LogModuleManager: Shutting down and abandoning module WindowsPlatformFeatures (78)
[2021.05.28-13.39.09:607][322]LogModuleManager: Shutting down and abandoning module GameplayMediaEncoder (77)
[2021.05.28-13.39.09:607][322]LogModuleManager: Shutting down and abandoning module AVEncoder (76)
[2021.05.28-13.39.09:607][322]LogModuleManager: Shutting down and abandoning module ExampleDeviceProfileSelector (72)
[2021.05.28-13.39.09:607][322]LogModuleManager: Shutting down and abandoning module LauncherChunkInstaller (70)
[2021.05.28-13.39.09:607][322]LogModuleManager: Shutting down and abandoning module WmfMedia (68)
[2021.05.28-13.39.09:608][322]LogModuleManager: Shutting down and abandoning module Media (67)
[2021.05.28-13.39.09:608][322]LogModuleManager: Shutting down and abandoning module NiagaraVertexFactories (64)
[2021.05.28-13.39.09:608][322]LogModuleManager: Shutting down and abandoning module NiagaraShader (62)
[2021.05.28-13.39.09:608][322]LogModuleManager: Shutting down and abandoning module VariantManagerContent (60)
[2021.05.28-13.39.09:608][322]LogModuleManager: Shutting down and abandoning module DatasmithContent (58)
[2021.05.28-13.39.09:608][322]LogModuleManager: Shutting down and abandoning module AISupportModule (56)
[2021.05.28-13.39.09:608][322]LogModuleManager: Shutting down and abandoning module WindowsDeviceProfileSelector (54)
[2021.05.28-13.39.09:608][322]LogModuleManager: Shutting down and abandoning module LensDistortion (52)
[2021.05.28-13.39.09:608][322]LogModuleManager: Shutting down and abandoning module OnlineSubsystem (48)
[2021.05.28-13.39.09:608][322]LogOnline: Display: STEAM: OnlineSubsystemSteam::Shutdown()
[2021.05.28-13.39.09:642][322]LogOnline: STEAM: AUTH: Revoking all tickets.
[2021.05.28-13.39.09:642][322]LogSteamShared: Unloading the Steam API...
[2021.05.28-13.39.10:009][322]LogOnline: OSS: Destroying FUserManagerEOS at 00000288102760A0
[2021.05.28-13.39.10:744][322]LogOnline: Display: STEAM: OnlineSubsystemSteam::Shutdown()
[2021.05.28-13.39.10:758][322]LogModuleManager: Shutting down and abandoning module SteamShared (46)
[2021.05.28-13.39.10:758][322]LogSteamShared: Freeing the Steam Loaded Modules...
[2021.05.28-13.39.10:758][322]LogModuleManager: Shutting down and abandoning module HTTP (39)
[2021.05.28-13.39.10:784][322]LogModuleManager: Shutting down and abandoning module SSL (38)
[2021.05.28-13.39.10:785][322]LogModuleManager: Shutting down and abandoning module PlatformCryptoOpenSSL (34)
[2021.05.28-13.39.10:785][322]LogModuleManager: Shutting down and abandoning module PlatformCryptoTypes (32)
[2021.05.28-13.39.10:785][322]LogModuleManager: Shutting down and abandoning module PlatformCrypto (30)
[2021.05.28-13.39.10:785][322]LogModuleManager: Shutting down and abandoning module PythonScriptPluginPreload (28)
[2021.05.28-13.39.10:785][322]LogModuleManager: Shutting down and abandoning module RenderCore (26)
[2021.05.28-13.39.10:785][322]LogModuleManager: Shutting down and abandoning module InstancedSplines (24)
[2021.05.28-13.39.10:785][322]LogModuleManager: Shutting down and abandoning module Landscape (22)
[2021.05.28-13.39.10:785][322]LogModuleManager: Shutting down and abandoning module SlateRHIRenderer (20)
[2021.05.28-13.39.10:785][322]LogModuleManager: Shutting down and abandoning module OpenGLDrv (18)
[2021.05.28-13.39.10:789][322]LogModuleManager: Shutting down and abandoning module D3D11RHI (16)
[2021.05.28-13.39.10:789][322]LogModuleManager: Shutting down and abandoning module AnimGraphRuntime (14)
[2021.05.28-13.39.10:789][322]LogModuleManager: Shutting down and abandoning module Renderer (12)
[2021.05.28-13.39.10:789][322]LogModuleManager: Shutting down and abandoning module Engine (10)
[2021.05.28-13.39.10:789][322]LogModuleManager: Shutting down and abandoning module CoreUObject (8)
[2021.05.28-13.39.10:789][322]LogModuleManager: Shutting down and abandoning module SandboxFile (6)
[2021.05.28-13.39.10:789][322]LogModuleManager: Shutting down and abandoning module PakFile (4)
[2021.05.28-13.39.10:794][322]LogModuleManager: Shutting down and abandoning module RSA (3)
[2021.05.28-13.39.10:794][322]LogContentStreaming: Display: There are 1 unreleased StreamingManagers
[2021.05.28-13.39.10:794][322]LogD3D11RHI: Shutdown
[2021.05.28-13.39.10:794][322]LogD3D11RHI: CleanupD3DDevice
[2021.05.28-13.39.10:820][322]LogExit: Exiting.
[2021.05.28-13.39.10:849][322]Log file closed, 05/28/21 19:09:10
